<?xml version="1.0" encoding="UTF-8"?>
<!-- Generated by org.testng.reporters.JUnitReportReporter -->
<testsuite skipped="0" hostname="DESKTOP-7769JJ2" name="org.dataproviders.FaceBook" tests="1" failures="0" timestamp="02 Nov 2021 13:37:55 GMT" time="5.205" errors="0">
  <testcase name="Launch" time="5.205" classname="org.dataproviders.FaceBook"/>
</testsuite> <!-- org.dataproviders.FaceBook -->
