<?xml version="1.0" encoding="UTF-8"?>
<!-- Generated by org.testng.reporters.JUnitReportReporter -->
<testsuite skipped="0" hostname="DESKTOP-7769JJ2" name="org.dataproviders.Employee" tests="3" failures="0" timestamp="30 Oct 2021 12:55:47 GMT" time="78.746" errors="0">
  <testcase name="tc1" time="25.513" classname="org.dataproviders.Employee"/>
  <testcase name="tc1" time="26.960" classname="org.dataproviders.Employee"/>
  <testcase name="tc1" time="26.273" classname="org.dataproviders.Employee"/>
</testsuite> <!-- org.dataproviders.Employee -->
