<?xml version="1.0" encoding="UTF-8"?>
<!-- Generated by org.testng.reporters.JUnitReportReporter -->
<testsuite skipped="0" hostname="DESKTOP-7769JJ2" name="org.testng.Test2" tests="1" failures="0" timestamp="28 Oct 2021 17:08:13 GMT" time="0.000" errors="0">
  <testcase name="tc1" time="0.000" classname="org.testng.Test2"/>
</testsuite> <!-- org.testng.Test2 -->
